  server.c
E:\Uni-Zeug\Rnks\server\server.c(62,11): warning C4098: "socket_setup": "void"-Funktion gibt einen Wert zurück
E:\Uni-Zeug\Rnks\server\server.c(70,11): warning C4098: "socket_setup": "void"-Funktion gibt einen Wert zurück
E:\Uni-Zeug\Rnks\server\server.c(99,11): warning C4098: "file_setup": "void"-Funktion gibt einen Wert zurück
E:\Uni-Zeug\Rnks\server\server.c(95,9): warning C4996: 'fopen': This function or variable may be unsafe. Consider using fopen_s instead. To disable deprecation, use _CRT_SECURE_NO_WARNINGS. See online help for details.
E:\Uni-Zeug\Rnks\server\server.c(117,3): warning C4033: "parameterÃœbernahme" muss einen Wert zurückgeben
E:\Uni-Zeug\Rnks\server\server.c(134,11): warning C4098: "print_myAddress": "void"-Funktion gibt einen Wert zurück
E:\Uni-Zeug\Rnks\server\server.c(144,2): warning C4996: 'strcpy': This function or variable may be unsafe. Consider using strcpy_s instead. To disable deprecation, use _CRT_SECURE_NO_WARNINGS. See online help for details.
E:\Uni-Zeug\Rnks\server\server.c(196,26): warning C4244: "Funktion": Konvertierung von "SOCKET" in "int", möglicher Datenverlust
E:\Uni-Zeug\Rnks\server\server.c(230,8): warning C4013: "timer_check" undefiniert; Annahme: extern mit Rückgabetyp int
E:\Uni-Zeug\Rnks\server\server.c(262,14): warning C4047: "Funktion": Anzahl der Dereferenzierungen bei "char *" und "char (*)[1024]" unterschiedlich
E:\Uni-Zeug\Rnks\server\server.c(262,14): warning C4024: "fgets": unterschiedliche Typen für formalen und übergebenen Parameter 1
E:\Uni-Zeug\Rnks\server\server.c(296,26): warning C4244: "Funktion": Konvertierung von "SOCKET" in "int", möglicher Datenverlust
E:\Uni-Zeug\Rnks\server\server.c(299,40): warning C4133: "Funktion": Inkompatible Typen - von "package *" zu "char *"
E:\Uni-Zeug\Rnks\server\server.c(323,14): warning C4098: "Connection_Established": "void"-Funktion gibt einen Wert zurück
E:\Uni-Zeug\Rnks\server\server.c(372,30): warning C4047: "Funktion": Anzahl der Dereferenzierungen bei "char **" und "char *" unterschiedlich
E:\Uni-Zeug\Rnks\server\server.c(372,30): warning C4024: "parameterÃœbernahme": unterschiedliche Typen für formalen und übergebenen Parameter 2
E:\Uni-Zeug\Rnks\server\server.c(120): warning C4715: "parameterÃœbernahme": Nicht alle Codepfade geben einen Wert zurück.
E:\Uni-Zeug\Rnks\server\server.c(155): warning C4715: "send_Packet": Nicht alle Codepfade geben einen Wert zurück.
  server.vcxproj -> E:\Uni-Zeug\Rnks\server\x64\Debug\server.exe
